Copyright 1986-2016 Xilinx, Inc. All Rights Reserved.
-----------------------------------------------------------------------------------------------------------------------
| Tool Version : Vivado v.2016.2 (lin64) Build 1577090 Thu Jun  2
16:32:35 MDT 2016
| Date         : Wed May 31 11:53:44 2017
| Host         : wi18ac33275 running 64-bit Red Hat Enterprise Linux
Workstation release 6.3 (Santiago)
| Command      : report_utilization -file
system_wrapper_utilization_synth.rpt -pb system_wrapper_utilization_synth.pb
| Design       : system_wrapper
| Device       : 7z010clg400-1
| Design State : Synthesized
-----------------------------------------------------------------------------------------------------------------------

Utilization Design Information

Table of Contents
-----------------
1. Slice Logic
1.1 Summary of Registers by Type
2. Memory
3. DSP
4. IO and GT Specific
5. Clocking
6. Specific Feature
7. Primitives
8. Black Boxes
9. Instantiated Netlists

1. Slice Logic
--------------

+----------------------------+------+-------+-----------+-------+
|          Site Type         | Used | Fixed | Available | Util% |
+----------------------------+------+-------+-----------+-------+
| Slice LUTs*                | 2542 |     0 |     17600 | 14.44 |
|   LUT as Logic             | 2494 |     0 |     17600 | 14.17 |
|   LUT as Memory            |   48 |     0 |      6000 |  0.80 |
|     LUT as Distributed RAM |    0 |     0 |           |       |
|     LUT as Shift Register  |   48 |     0 |           |       |
| Slice Registers            | 2513 |     0 |     35200 |  7.14 |
|   Register as Flip Flop    | 2449 |     0 |     35200 |  6.96 |
|   Register as Latch        |   64 |     0 |     35200 |  0.18 |
| F7 Muxes                   |   33 |     0 |      8800 |  0.38 |
| F8 Muxes                   |    0 |     0 |      4400 |  0.00 |
+----------------------------+------+-------+-----------+-------+
* Warning! The Final LUT count, after physical optimizations and full
implementation, is typically lower. Run opt_design after synthesis, if
not already completed, for a more realistic count.


1.1 Summary of Registers by Type
--------------------------------

+-------+--------------+-------------+--------------+
| Total | Clock Enable | Synchronous | Asynchronous |
+-------+--------------+-------------+--------------+
| 0     |            _ |           - |            - |
| 0     |            _ |           - |          Set |
| 0     |            _ |           - |        Reset |
| 0     |            _ |         Set |            - |
| 0     |            _ |       Reset |            - |
| 0     |          Yes |           - |            - |
| 0     |          Yes |           - |          Set |
| 64    |          Yes |           - |        Reset |
| 55    |          Yes |         Set |            - |
| 2394  |          Yes |       Reset |            - |
+-------+--------------+-------------+--------------+


2. Memory
---------

+-------------------+------+-------+-----------+-------+
|     Site Type     | Used | Fixed | Available | Util% |
+-------------------+------+-------+-----------+-------+
| Block RAM Tile    |    8 |     0 |        60 | 13.33 |
|   RAMB36/FIFO*    |    8 |     0 |        60 | 13.33 |
|     RAMB36E1 only |    8 |       |           |       |
|   RAMB18          |    0 |     0 |       120 |  0.00 |
+-------------------+------+-------+-----------+-------+
* Note: Each Block RAM Tile only has one FIFO logic available and
therefore can accommodate only one FIFO36E1 or one FIFO18E1. However, if
a FIFO18E1 occupies a Block RAM Tile, that tile can still accommodate a
RAMB18E1


3. DSP
------

+-----------+------+-------+-----------+-------+
| Site Type | Used | Fixed | Available | Util% |
+-----------+------+-------+-----------+-------+
| DSPs      |    0 |     0 |        80 |  0.00 |
+-----------+------+-------+-----------+-------+


4. IO and GT Specific
---------------------

+-----------------------------+------+-------+-----------+--------+
|          Site Type          | Used | Fixed | Available |  Util% |
+-----------------------------+------+-------+-----------+--------+
| Bonded IOB                  |   72 |     0 |       100 |  72.00 |
| Bonded IPADs                |    0 |     0 |         2 |   0.00 |
| Bonded IOPADs               |  130 |     0 |       130 | 100.00 |
| PHY_CONTROL                 |    0 |     0 |         2 |   0.00 |
| PHASER_REF                  |    0 |     0 |         2 |   0.00 |
| OUT_FIFO                    |    0 |     0 |         8 |   0.00 |
| IN_FIFO                     |    0 |     0 |         8 |   0.00 |
| IDELAYCTRL                  |    0 |     0 |         2 |   0.00 |
| IBUFDS                      |    1 |     0 |        96 |   1.04 |
| PHASER_OUT/PHASER_OUT_PHY   |    0 |     0 |         8 |   0.00 |
| PHASER_IN/PHASER_IN_PHY     |    0 |     0 |         8 |   0.00 |
| IDELAYE2/IDELAYE2_FINEDELAY |    0 |     0 |       100 |   0.00 |
| ILOGIC                      |    0 |     0 |       100 |   0.00 |
| OLOGIC                      |    0 |     0 |       100 |   0.00 |
+-----------------------------+------+-------+-----------+--------+


5. Clocking
-----------

+------------+------+-------+-----------+-------+
|  Site Type | Used | Fixed | Available | Util% |
+------------+------+-------+-----------+-------+
| BUFGCTRL   |    4 |     0 |        32 | 12.50 |
| BUFIO      |    0 |     0 |         8 |  0.00 |
| MMCME2_ADV |    0 |     0 |         2 |  0.00 |
| PLLE2_ADV  |    1 |     0 |         2 | 50.00 |
| BUFMRCE    |    0 |     0 |         4 |  0.00 |
| BUFHCE     |    0 |     0 |        48 |  0.00 |
| BUFR       |    0 |     0 |         8 |  0.00 |
+------------+------+-------+-----------+-------+


6. Specific Feature
-------------------

+-------------+------+-------+-----------+-------+
|  Site Type  | Used | Fixed | Available | Util% |
+-------------+------+-------+-----------+-------+
| BSCANE2     |    0 |     0 |         4 |  0.00 |
| CAPTUREE2   |    0 |     0 |         1 |  0.00 |
| DNA_PORT    |    0 |     0 |         1 |  0.00 |
| EFUSE_USR   |    0 |     0 |         1 |  0.00 |
| FRAME_ECCE2 |    0 |     0 |         1 |  0.00 |
| ICAPE2      |    0 |     0 |         2 |  0.00 |
| STARTUPE2   |    0 |     0 |         1 |  0.00 |
| XADC        |    0 |     0 |         1 |  0.00 |
+-------------+------+-------+-----------+-------+


7. Primitives
-------------

+-----------+------+----------------------+
|  Ref Name | Used |  Functional Category |
+-----------+------+----------------------+
| FDRE      | 2394 |         Flop & Latch |
| LUT4      |  760 |                  LUT |
| LUT6      |  730 |                  LUT |
| LUT3      |  514 |                  LUT |
| LUT5      |  316 |                  LUT |
| LUT1      |  225 |                  LUT |
| CARRY4    |  211 |           CarryLogic |
| LUT2      |  181 |                  LUT |
| BIBUF     |  130 |                   IO |
| LDCE      |   64 |         Flop & Latch |
| FDSE      |   55 |         Flop & Latch |
| SRLC32E   |   47 |   Distributed Memory |
| IBUF      |   44 |                   IO |
| MUXF7     |   33 |                MuxFx |
| OBUF      |   26 |                   IO |
| RAMB36E1  |    8 |         Block Memory |
| BUFG      |    4 |                Clock |
| SRL16E    |    1 |   Distributed Memory |
| PS7       |    1 | Specialized Resource |
| PLLE2_ADV |    1 |                Clock |
| IBUFDS    |    1 |                   IO |
+-----------+------+----------------------+


8. Black Boxes
--------------

+----------+------+
| Ref Name | Used |
+----------+------+


9. Instantiated Netlists
------------------------

+----------+------+
| Ref Name | Used |
+----------+------+
